[Android_sony INFO ] 2022-09-05 17:09:53.628 ServerManager:20 - starting appium server
[Android_sony INFO ] 2022-09-05 17:09:56.906 ServerManager:29 - Appium server started
[Android_sony INFO ] 2022-09-05 17:09:57.312 DriverManager:28 - initializing Appium driver
[Android_sony INFO ] 2022-09-05 17:09:57.626 PropertyManager:17 - loading config properties
[Android_sony INFO ] 2022-09-05 17:09:57.639 CapabilitiesManager:18 - getting capabilities
[Android_sony INFO ] 2022-09-05 17:09:57.651 CapabilitiesManager:34 - appUrl is/appiumcicl/src/test/resources/apps/Android.SauceLabs.Mobile.Sample.app.2.7.1.apk
[Android_sony INFO ] 2022-09-05 17:12:35.521 ServerManager:20 - starting appium server
[Android_sony INFO ] 2022-09-05 17:12:38.809 ServerManager:29 - Appium server started
[Android_sony INFO ] 2022-09-05 17:12:39.219 DriverManager:28 - initializing Appium driver
[Android_sony INFO ] 2022-09-05 17:12:39.512 PropertyManager:17 - loading config properties
[Android_sony INFO ] 2022-09-05 17:12:39.562 CapabilitiesManager:18 - getting capabilities
[Android_sony INFO ] 2022-09-05 17:12:39.589 CapabilitiesManager:34 - appUrl is/appiumcicl/src/test/resources/apps/Android.SauceLabs.Mobile.Sample.app.2.7.1.apk
[Android_sony INFO ] 2022-09-05 17:13:05.205 DriverManager:40 - Driver is initialized
[Android_sony INFO ] 2022-09-05 17:13:12.743 BasePage:71 - login with invalidUsername
[Android_sony INFO ] 2022-09-05 17:13:14.873 BasePage:71 - password is secret_sauce
[Android_sony INFO ] 2022-09-05 17:13:16.178 BasePage:54 - press login button
[Android_sony INFO ] 2022-09-05 17:13:17.352 BasePage:97 - error text is - Username and password do not match any user in this service.
[Android_sony INFO ] 2022-09-05 17:13:19.549 VideoManager:35 - video path: Android_sony/Videos/Login with invalid user name.mp4
[Android_sony INFO ] 2022-09-05 17:13:21.307 BasePage:71 - login with standard_user
[Android_sony INFO ] 2022-09-05 17:13:23.177 BasePage:71 - password is invalidPassword
[Android_sony INFO ] 2022-09-05 17:13:24.481 BasePage:54 - press login button
[Android_sony INFO ] 2022-09-05 17:13:25.720 BasePage:97 - error text is - Username and password do not match any user in this service.
[Android_sony INFO ] 2022-09-05 17:13:27.610 VideoManager:35 - video path: Android_sony/Videos/Login with invalid password.mp4
[Android_sony INFO ] 2022-09-05 17:13:29.242 BasePage:71 - login with standard_user
[Android_sony INFO ] 2022-09-05 17:13:31.199 BasePage:71 - password is secret_sauce
[Android_sony INFO ] 2022-09-05 17:13:32.393 BasePage:54 - press login button
[Android_sony INFO ] 2022-09-05 17:13:34.639 BasePage:97 - product page title is - PRODUCTS
[Android_sony INFO ] 2022-09-05 17:13:37.077 VideoManager:35 - video path: Android_sony/Videos/Login with valid user name and password.mp4
[Android_sony INFO ] 2022-09-05 17:13:38.191 BasePage:97 - product title is: Sauce Labs BackpackSauce Labs Backpack
[Android_sony INFO ] 2022-09-05 17:13:38.962 BasePage:113 - product price is: $29.99$29.99
[Android_sony INFO ] 2022-09-05 17:13:40.736 VideoManager:35 - video path: Android_sony/Videos/Validate product into on Products page.mp4
[Android_sony INFO ] 2022-09-05 17:13:41.588 BasePage:54 - press Sauce Labs Backpack link
[Android_sony INFO ] 2022-09-05 17:13:45.922 BasePage:97 - title is: Sauce Labs Backpack
[Android_sony INFO ] 2022-09-05 17:13:46.373 BasePage:97 - description is: carry.allTheThings() with the sleek, streamlined Sly Pack that melds uncompromising style with unequaled laptop and tablet protection.
[Android_sony INFO ] 2022-09-05 17:13:46.656 BasePage:97 - price is: $29.99
[Android_sony INFO ] 2022-09-05 17:13:49.317 VideoManager:35 - video path: Android_sony/Videos/Validate product into on Products Details page.mp4
